<?xml version="1.0" encoding="UTF-8"?><testsuite errors="1" failures="0" name="book a hotel with different conditions" skipped="0" tests="1" time="2.99" timestamp="2022-02-09 10:27:43"><testcase name="search hotels in a city"><error message="Could not instantiate class org.openqa.selenium.chrome.ChromeDriver" type="net.thucydides.core.webdriver.DriverConfigurationError">Could not instantiate class org.openqa.selenium.chrome.ChromeDriver</error><system-err>Could not instantiate class org.openqa.selenium.chrome.ChromeDriver&#13;
co.com.choucair.certification.reserva.tasks.OpenUp.performAs(OpenUp.java:17)&#13;
co.com.choucair.certification.reserva.stepdefinitions.RetoReservaStepDefinitions.thatTheUserWantsToReserveAHotel(RetoReservaStepDefinitions.java:27)&#13;
cucumber.runner.Runner.runPickle(Runner.java:80)&#13;
</system-err></testcase></testsuite>